<?xml version="1.0" encoding="UTF-8"?>
<testng-results ignored="0" total="1" passed="1" failed="0" skipped="0">
  <reporter-output>
  </reporter-output>
  <suite started-at="2024-12-19T12:13:04 IST" name="Suite" finished-at="2024-12-19T12:13:07 IST" duration-ms="2697">
    <groups>
    </groups>
    <test started-at="2024-12-19T12:13:04 IST" name="Test" finished-at="2024-12-19T12:13:07 IST" duration-ms="2697">
      <class name="mavenpkg.Mavenclass1">
        <test-method signature="run()[pri:0, instance:mavenpkg.Mavenclass1@41fbdac4]" started-at="2024-12-19T12:13:04 IST" name="run" finished-at="2024-12-19T12:13:07 IST" duration-ms="2649" status="PASS">
          <reporter-output>
          </reporter-output>
        </test-method> <!-- run -->
      </class> <!-- mavenpkg.Mavenclass1 -->
    </test> <!-- Test -->
  </suite> <!-- Suite -->
</testng-results>
