<?xml version="1.0" encoding="UTF-8"?>
<testng-results ignored="0" total="1" passed="1" failed="0" skipped="0">
  <reporter-output>
  </reporter-output>
  <suite started-at="2024-12-19T09:57:32 IST" name="Default suite" finished-at="2024-12-19T09:57:32 IST" duration-ms="189">
    <groups>
    </groups>
    <test started-at="2024-12-19T09:57:32 IST" name="Default test" finished-at="2024-12-19T09:57:32 IST" duration-ms="189">
      <class name="mavenpkg.JDBC">
        <test-method signature="ru()[pri:0, instance:mavenpkg.JDBC@636e8cc]" started-at="2024-12-19T09:57:32 IST" name="ru" finished-at="2024-12-19T09:57:32 IST" duration-ms="147" status="PASS">
          <reporter-output>
          </reporter-output>
        </test-method> <!-- ru -->
      </class> <!-- mavenpkg.JDBC -->
    </test> <!-- Default test -->
  </suite> <!-- Default suite -->
</testng-results>
